<?xml version="1.0" encoding="UTF-8"?>
<!-- Generated by org.testng.reporters.JUnitReportReporter -->
<testsuite skipped="0" hostname="DESKTOP-EA42FIK" name="test.TestFramework" tests="1" failures="0" timestamp="24 Oct 2020 09:38:29 GMT" time="34.114" errors="0">
  <testcase name="enter" time="34.114" classname="test.TestFramework"/>
</testsuite> <!-- test.TestFramework -->
